<?xml version="1.0" encoding="UTF-8"?>
<!-- Generated by org.testng.reporters.JUnitReportReporter -->
<testsuite skipped="0" hostname="aj-305E4A-305E5A-305E7A" name="Casesrun.Gettingthestatus" tests="1" failures="0" timestamp="18 May 2017 08:50:31 GMT" time="94.270" errors="0">
  <testcase name="user" time="94.270" classname="Casesrun.Gettingthestatus"/>
</testsuite> <!-- Casesrun.Gettingthestatus -->
