<?xml version="1.0" encoding="UTF-8"?>
<!-- Generated by org.testng.reporters.JUnitReportReporter -->
<testsuite skipped="0" hostname="aj-305E4A-305E5A-305E7A" name="Casesrun.Energyuse" tests="1" failures="0" timestamp="16 May 2017 08:27:37 GMT" time="93.969" errors="0">
  <testcase name="user" time="93.969" classname="Casesrun.Energyuse"/>
</testsuite> <!-- Casesrun.Energyuse -->
