<?xml version="1.0" encoding="UTF-8"?>
<!-- Generated by org.testng.reporters.JUnitReportReporter -->
<testsuite skipped="0" hostname="aj-305E4A-305E5A-305E7A" name="Dashboard.Reviewedcases" tests="1" failures="0" timestamp="16 May 2017 12:12:07 GMT" time="25.157" errors="0">
  <testcase name="user" time="25.157" classname="Dashboard.Reviewedcases"/>
</testsuite> <!-- Dashboard.Reviewedcases -->
