<?xml version="1.0" encoding="UTF-8"?>
<!-- Generated by org.testng.reporters.JUnitReportReporter -->
<testsuite skipped="0" hostname="aj-305E4A-305E5A-305E7A" name="Loginrun.valid" tests="1" failures="0" timestamp="17 May 2017 07:59:49 GMT" time="25.451" errors="0">
  <testcase name="user" time="25.451" classname="Loginrun.valid"/>
</testsuite> <!-- Loginrun.valid -->
