<?xml version="1.0" encoding="UTF-8"?>
<!-- Generated by org.testng.reporters.JUnitReportReporter -->
<testsuite skipped="0" hostname="aj-305E4A-305E5A-305E7A" name="Dashboard.Pendingcases" tests="1" failures="0" timestamp="17 May 2017 07:50:41 GMT" time="26.849" errors="0">
  <testcase name="user" time="26.849" classname="Dashboard.Pendingcases"/>
</testsuite> <!-- Dashboard.Pendingcases -->
