<?xml version="1.0" encoding="UTF-8"?>
<!-- Generated by org.testng.reporters.JUnitReportReporter -->
<testsuite skipped="0" hostname="aj-305E4A-305E5A-305E7A" name="Reviewedcases.Reviewedcasestab" tests="1" failures="0" timestamp="12 May 2017 16:45:52 GMT" time="26.898" errors="0">
  <testcase name="user" time="26.898" classname="Reviewedcases.Reviewedcasestab"/>
</testsuite> <!-- Reviewedcases.Reviewedcasestab -->
