<?xml version="1.0" encoding="UTF-8"?>
<!-- Generated by org.testng.reporters.JUnitReportReporter -->
<testsuite skipped="0" hostname="aj-305E4A-305E5A-305E7A" name="Loginrun.Invaliduser" tests="1" failures="0" timestamp="16 May 2017 05:46:03 GMT" time="23.465" errors="0">
  <testcase name="user" time="23.465" classname="Loginrun.Invaliduser"/>
</testsuite> <!-- Loginrun.Invaliduser -->
