<?xml version="1.0" encoding="UTF-8"?>
<!-- Generated by org.testng.reporters.JUnitReportReporter -->
<testsuite skipped="0" hostname="aj-305E4A-305E5A-305E7A" name="Casesrun.Totalcasecount" tests="1" failures="0" timestamp="16 May 2017 07:43:00 GMT" time="32.713" errors="0">
  <testcase name="user" time="32.713" classname="Casesrun.Totalcasecount"/>
</testsuite> <!-- Casesrun.Totalcasecount -->
