<?xml version="1.0" encoding="UTF-8"?>
<!-- Generated by org.testng.reporters.JUnitReportReporter -->
<testsuite skipped="0" hostname="aj-305E4A-305E5A-305E7A" name="pendingcases.Pendingcasestab" tests="1" failures="0" timestamp="12 May 2017 16:12:54 GMT" time="35.028" errors="0">
  <testcase name="user" time="35.028" classname="pendingcases.Pendingcasestab"/>
</testsuite> <!-- pendingcases.Pendingcasestab -->
