<?xml version="1.0" encoding="UTF-8"?>
<!-- Generated by org.testng.reporters.JUnitReportReporter -->
<testsuite skipped="0" hostname="aj-305E4A-305E5A-305E7A" name="Casesrun.searchbyname" tests="1" failures="0" timestamp="13 May 2017 09:38:41 GMT" time="42.804" errors="0">
  <testcase name="user" time="42.804" classname="Casesrun.searchbyname"/>
</testsuite> <!-- Casesrun.searchbyname -->
