<?xml version="1.0" encoding="UTF-8"?>
<!-- Generated by org.testng.reporters.JUnitReportReporter -->
<testsuite skipped="0" hostname="aj-305E4A-305E5A-305E7A" name="Casesrun.Detailspage" tests="1" failures="0" timestamp="16 May 2017 09:56:16 GMT" time="40.291" errors="0">
  <testcase name="user" time="40.291" classname="Casesrun.Detailspage"/>
</testsuite> <!-- Casesrun.Detailspage -->
