<?xml version="1.0" encoding="UTF-8"?>
<!-- Generated by org.testng.reporters.JUnitReportReporter -->
<testsuite skipped="0" hostname="aj-305E4A-305E5A-305E7A" name="Dashboard.Pendingcases" tests="1" failures="0" timestamp="16 May 2017 12:13:12 GMT" time="19.968" errors="0">
  <testcase name="user" time="19.968" classname="Dashboard.Pendingcases"/>
</testsuite> <!-- Dashboard.Pendingcases -->
