<?xml version="1.0" encoding="UTF-8"?>
<!-- Generated by org.testng.reporters.JUnitReportReporter -->
<testsuite skipped="0" hostname="aj-305E4A-305E5A-305E7A" name="Casesrun.searchbyname" tests="1" failures="0" timestamp="17 May 2017 14:44:19 GMT" time="486.367" errors="0">
  <testcase name="user" time="486.367" classname="Casesrun.searchbyname"/>
</testsuite> <!-- Casesrun.searchbyname -->
