<?xml version="1.0" encoding="UTF-8"?>
<!-- Generated by org.testng.reporters.JUnitReportReporter -->
<testsuite skipped="0" hostname="aj-305E4A-305E5A-305E7A" name="Casesrun.Total" tests="1" failures="0" timestamp="18 May 2017 15:27:47 GMT" time="54.371" errors="0">
  <testcase name="user" time="54.371" classname="Casesrun.Total"/>
</testsuite> <!-- Casesrun.Total -->
