<?xml version="1.0" encoding="UTF-8"?>
<!-- Generated by org.testng.reporters.JUnitReportReporter -->
<testsuite skipped="0" hostname="aj-305E4A-305E5A-305E7A" name="Dashboard.Reviewedcases" tests="1" failures="0" timestamp="17 May 2017 07:50:41 GMT" time="29.207" errors="0">
  <testcase name="user" time="29.207" classname="Dashboard.Reviewedcases"/>
</testsuite> <!-- Dashboard.Reviewedcases -->
