<?xml version="1.0" encoding="UTF-8"?>
<!-- Generated by org.testng.reporters.JUnitReportReporter -->
<testsuite skipped="0" hostname="aj-305E4A-305E5A-305E7A" name="Casesrun.searchbyTimeandDate" tests="1" failures="0" timestamp="19 May 2017 08:59:33 GMT" time="32.848" errors="0">
  <testcase name="user" time="32.848" classname="Casesrun.searchbyTimeandDate"/>
</testsuite> <!-- Casesrun.searchbyTimeandDate -->
