<?xml version="1.0" encoding="UTF-8"?>
<!-- Generated by org.testng.reporters.JUnitReportReporter -->
<testsuite skipped="0" hostname="aj-305E4A-305E5A-305E7A" name="pendingcases.Totaldata" tests="1" failures="0" timestamp="20 May 2017 15:12:29 GMT" time="51.471" errors="0">
  <testcase name="user" time="51.471" classname="pendingcases.Totaldata"/>
</testsuite> <!-- pendingcases.Totaldata -->
