<?xml version="1.0" encoding="UTF-8"?>
<!-- Generated by org.testng.reporters.JUnitReportReporter -->
<testsuite skipped="0" hostname="aj-305E4A-305E5A-305E7A" name="Loginrun.valid" tests="1" failures="0" timestamp="19 May 2017 07:16:30 GMT" time="30.964" errors="0">
  <testcase name="user" time="30.964" classname="Loginrun.valid"/>
</testsuite> <!-- Loginrun.valid -->
