<?xml version="1.0" encoding="UTF-8"?>
<!-- Generated by org.testng.reporters.JUnitReportReporter -->
<testsuite skipped="0" hostname="aj-305E4A-305E5A-305E7A" name="Loginrun.PageloadTime" tests="1" failures="0" timestamp="21 May 2017 08:49:13 GMT" time="15.901" errors="0">
  <testcase name="user" time="15.901" classname="Loginrun.PageloadTime"/>
</testsuite> <!-- Loginrun.PageloadTime -->
