<?xml version="1.0" encoding="UTF-8"?>
<!-- Generated by org.testng.reporters.JUnitReportReporter -->
<testsuite skipped="0" hostname="aj-305E4A-305E5A-305E7A" name="Dashboard.Totalcases" tests="1" failures="0" timestamp="22 May 2017 07:13:21 GMT" time="58.791" errors="0">
  <testcase name="user" time="58.791" classname="Dashboard.Totalcases"/>
</testsuite> <!-- Dashboard.Totalcases -->
