<?xml version="1.0" encoding="UTF-8"?>
<!-- Generated by org.testng.reporters.JUnitReportReporter -->
<testsuite skipped="0" hostname="aj-305E4A-305E5A-305E7A" name="Dashboard.Lastsevendays" tests="1" failures="0" timestamp="22 May 2017 12:46:19 GMT" time="38.333" errors="0">
  <testcase name="user" time="38.333" classname="Dashboard.Lastsevendays"/>
</testsuite> <!-- Dashboard.Lastsevendays -->
