<?xml version="1.0" encoding="UTF-8"?>
<!-- Generated by org.testng.reporters.JUnitReportReporter -->
<testsuite skipped="0" hostname="aj-305E4A-305E5A-305E7A" name="Reviewedcases.Statuschangingtopending" tests="1" failures="0" timestamp="19 May 2017 05:42:14 GMT" time="42.031" errors="0">
  <testcase name="user" time="42.031" classname="Reviewedcases.Statuschangingtopending"/>
</testsuite> <!-- Reviewedcases.Statuschangingtopending -->
